# JRE version: Java(TM) SE Runtime Environment (8.0_151-b12) (build 1.8.0_151-b12)
# Java VM: Java HotSpot(TM) 64-Bit Server VM (25.151-b12 mixed mode bsd-amd64 compressed oops)
Heap:
 PSYoungGen      total 27648K, used 11837K [0x00000007aab00000, 0x00000007ac700000, 0x00000007c0000000)
  eden space 27136K, 42% used [0x00000007aab00000,0x00000007ab637560,0x00000007ac580000)
  from space 512K, 68% used [0x00000007ac600000,0x00000007ac658000,0x00000007ac680000)
  to   space 512K, 0% used [0x00000007ac680000,0x00000007ac680000,0x00000007ac700000)
 ParOldGen       total 91648K, used 58512K [0x0000000780000000, 0x0000000785980000, 0x00000007aab00000)
  object space 91648K, 63% used [0x0000000780000000,0x0000000783924058,0x0000000785980000)
 Metaspace       used 31780K, capacity 33526K, committed 33792K, reserved 1079296K
  class space    used 4231K, capacity 4546K, committed 4608K, reserved 1048576K
GC Heap History (10 events):
Event: 538.957 GC heap before
{Heap before GC invocations=273 (full 2):
 PSYoungGen      total 28160K, used 27520K [0x00000007aab00000, 0x00000007ac780000, 0x00000007c0000000)
  eden space 27136K, 100% used [0x00000007aab00000,0x00000007ac580000,0x00000007ac580000)
  from space 1024K, 37% used [0x00000007ac680000,0x00000007ac6e0000,0x00000007ac780000)
  to   space 1024K, 0% used [0x00000007ac580000,0x00000007ac580000,0x00000007ac680000)
 ParOldGen       total 91648K, used 58488K [0x0000000780000000, 0x0000000785980000, 0x00000007aab00000)
  object space 91648K, 63% used [0x0000000780000000,0x000000078391e058,0x0000000785980000)
 Metaspace       used 31772K, capacity 33508K, committed 33792K, reserved 1079296K
  class space    used 4229K, capacity 4543K, committed 4608K, reserved 1048576K
Event: 538.959 GC heap after
Heap after GC invocations=273 (full 2):
 PSYoungGen      total 28160K, used 352K [0x00000007aab00000, 0x00000007ac780000, 0x00000007c0000000)
  eden space 27136K, 0% used [0x00000007aab00000,0x00000007aab00000,0x00000007ac580000)
  from space 1024K, 34% used [0x00000007ac580000,0x00000007ac5d8000,0x00000007ac680000)
  to   space 1024K, 0% used [0x00000007ac680000,0x00000007ac680000,0x00000007ac780000)
 ParOldGen       total 91648K, used 58496K [0x0000000780000000, 0x0000000785980000, 0x00000007aab00000)
  object space 91648K, 63% used [0x0000000780000000,0x0000000783920058,0x0000000785980000)
 Metaspace       used 31772K, capacity 33508K, committed 33792K, reserved 1079296K
  class space    used 4229K, capacity 4543K, committed 4608K, reserved 1048576K
}
Event: 540.555 GC heap before
{Heap before GC invocations=274 (full 2):
 PSYoungGen      total 28160K, used 27488K [0x00000007aab00000, 0x00000007ac780000, 0x00000007c0000000)
  eden space 27136K, 100% used [0x00000007aab00000,0x00000007ac580000,0x00000007ac580000)
  from space 1024K, 34% used [0x00000007ac580000,0x00000007ac5d8000,0x00000007ac680000)
  to   space 1024K, 0% used [0x00000007ac680000,0x00000007ac680000,0x00000007ac780000)
 ParOldGen       total 91648K, used 58496K [0x0000000780000000, 0x0000000785980000, 0x00000007aab00000)
  object space 91648K, 63% used [0x0000000780000000,0x0000000783920058,0x0000000785980000)
 Metaspace       used 31772K, capacity 33508K, committed 33792K, reserved 1079296K
  class space    used 4229K, capacity 4543K, committed 4608K, reserved 1048576K
Event: 540.558 GC heap after
Heap after GC invocations=274 (full 2):
 PSYoungGen      total 28160K, used 384K [0x00000007aab00000, 0x00000007ac780000, 0x00000007c0000000)
  eden space 27136K, 0% used [0x00000007aab00000,0x00000007aab00000,0x00000007ac580000)
  from space 1024K, 37% used [0x00000007ac680000,0x00000007ac6e0000,0x00000007ac780000)
  to   space 1024K, 0% used [0x00000007ac580000,0x00000007ac580000,0x00000007ac680000)
 ParOldGen       total 91648K, used 58496K [0x0000000780000000, 0x0000000785980000, 0x00000007aab00000)
  object space 91648K, 63% used [0x0000000780000000,0x0000000783920058,0x0000000785980000)
 Metaspace       used 31772K, capacity 33508K, committed 33792K, reserved 1079296K
  class space    used 4229K, capacity 4543K, committed 4608K, reserved 1048576K
}
Event: 542.080 GC heap before
{Heap before GC invocations=275 (full 2):
 PSYoungGen      total 28160K, used 27520K [0x00000007aab00000, 0x00000007ac780000, 0x00000007c0000000)
  eden space 27136K, 100% used [0x00000007aab00000,0x00000007ac580000,0x00000007ac580000)
  from space 1024K, 37% used [0x00000007ac680000,0x00000007ac6e0000,0x00000007ac780000)
  to   space 1024K, 0% used [0x00000007ac580000,0x00000007ac580000,0x00000007ac680000)
 ParOldGen       total 91648K, used 58496K [0x0000000780000000, 0x0000000785980000, 0x00000007aab00000)
  object space 91648K, 63% used [0x0000000780000000,0x0000000783920058,0x0000000785980000)
 Metaspace       used 31772K, capacity 33508K, committed 33792K, reserved 1079296K
  class space    used 4229K, capacity 4543K, committed 4608K, reserved 1048576K
Event: 542.082 GC heap after
Heap after GC invocations=275 (full 2):
 PSYoungGen      total 28160K, used 384K [0x00000007aab00000, 0x00000007ac780000, 0x00000007c0000000)
  eden space 27136K, 0% used [0x00000007aab00000,0x00000007aab00000,0x00000007ac580000)
  from space 1024K, 37% used [0x00000007ac580000,0x00000007ac5e0000,0x00000007ac680000)
  to   space 1024K, 0% used [0x00000007ac680000,0x00000007ac680000,0x00000007ac780000)
 ParOldGen       total 91648K, used 58512K [0x0000000780000000, 0x0000000785980000, 0x00000007aab00000)
  object space 91648K, 63% used [0x0000000780000000,0x0000000783924058,0x0000000785980000)
 Metaspace       used 31772K, capacity 33508K, committed 33792K, reserved 1079296K
  class space    used 4229K, capacity 4543K, committed 4608K, reserved 1048576K
}
Event: 543.632 GC heap before
{Heap before GC invocations=276 (full 2):
 PSYoungGen      total 28160K, used 27520K [0x00000007aab00000, 0x00000007ac780000, 0x00000007c0000000)
  eden space 27136K, 100% used [0x00000007aab00000,0x00000007ac580000,0x00000007ac580000)
  from space 1024K, 37% used [0x00000007ac580000,0x00000007ac5e0000,0x00000007ac680000)
  to   space 1024K, 0% used [0x00000007ac680000,0x00000007ac680000,0x00000007ac780000)
 ParOldGen       total 91648K, used 58512K [0x0000000780000000, 0x0000000785980000, 0x00000007aab00000)
  object space 91648K, 63% used [0x0000000780000000,0x0000000783924058,0x0000000785980000)
 Metaspace       used 31772K, capacity 33508K, committed 33792K, reserved 1079296K
  class space    used 4229K, capacity 4543K, committed 4608K, reserved 1048576K
Event: 543.635 GC heap after
Heap after GC invocations=276 (full 2):
 PSYoungGen      total 27648K, used 384K [0x00000007aab00000, 0x00000007ac700000, 0x00000007c0000000)
  eden space 27136K, 0% used [0x00000007aab00000,0x00000007aab00000,0x00000007ac580000)
  from space 512K, 75% used [0x00000007ac680000,0x00000007ac6e0000,0x00000007ac700000)
  to   space 512K, 0% used [0x00000007ac600000,0x00000007ac600000,0x00000007ac680000)
 ParOldGen       total 91648K, used 58512K [0x0000000780000000, 0x0000000785980000, 0x00000007aab00000)
  object space 91648K, 63% used [0x0000000780000000,0x0000000783924058,0x0000000785980000)
 Metaspace       used 31772K, capacity 33508K, committed 33792K, reserved 1079296K
  class space    used 4229K, capacity 4543K, committed 4608K, reserved 1048576K
}
Event: 546.348 GC heap before
{Heap before GC invocations=277 (full 2):
 PSYoungGen      total 27648K, used 27520K [0x00000007aab00000, 0x00000007ac700000, 0x00000007c0000000)
  eden space 27136K, 100% used [0x00000007aab00000,0x00000007ac580000,0x00000007ac580000)
  from space 512K, 75% used [0x00000007ac680000,0x00000007ac6e0000,0x00000007ac700000)
  to   space 512K, 0% used [0x00000007ac600000,0x00000007ac600000,0x00000007ac680000)
 ParOldGen       total 91648K, used 58512K [0x0000000780000000, 0x0000000785980000, 0x00000007aab00000)
  object space 91648K, 63% used [0x0000000780000000,0x0000000783924058,0x0000000785980000)
 Metaspace       used 31772K, capacity 33508K, committed 33792K, reserved 1079296K
  class space    used 4229K, capacity 4543K, committed 4608K, reserved 1048576K
Event: 546.351 GC heap after
Heap after GC invocations=277 (full 2):
 PSYoungGen      total 27648K, used 352K [0x00000007aab00000, 0x00000007ac700000, 0x00000007c0000000)
  eden space 27136K, 0% used [0x00000007aab00000,0x00000007aab00000,0x00000007ac580000)
  from space 512K, 68% used [0x00000007ac600000,0x00000007ac658000,0x00000007ac680000)
  to   space 512K, 0% used [0x00000007ac680000,0x00000007ac680000,0x00000007ac700000)
 ParOldGen       total 91648K, used 58512K [0x0000000780000000, 0x0000000785980000, 0x00000007aab00000)
  object space 91648K, 63% used [0x0000000780000000,0x0000000783924058,0x0000000785980000)
 Metaspace       used 31772K, capacity 33508K, committed 33792K, reserved 1079296K
  class space    used 4229K, capacity 4543K, committed 4608K, reserved 1048576K
}

