# JRE version: Java(TM) SE Runtime Environment (8.0_151-b12) (build 1.8.0_151-b12)
# Java VM: Java HotSpot(TM) 64-Bit Server VM (25.151-b12 mixed mode bsd-amd64 compressed oops)
Heap:
 PSYoungGen      total 46592K, used 28307K [0x00000007aab00000, 0x00000007ae300000, 0x00000007c0000000)
  eden space 38912K, 56% used [0x00000007aab00000,0x00000007ac056608,0x00000007ad100000)
  from space 7680K, 84% used [0x00000007adb80000,0x00000007ae1ce8d0,0x00000007ae300000)
  to   space 9216K, 0% used [0x00000007ad100000,0x00000007ad100000,0x00000007ada00000)
 ParOldGen       total 41984K, used 35266K [0x0000000780000000, 0x0000000782900000, 0x00000007aab00000)
  object space 41984K, 83% used [0x0000000780000000,0x0000000782270890,0x0000000782900000)
 Metaspace       used 33145K, capacity 34980K, committed 35200K, reserved 1079296K
  class space    used 4382K, capacity 4727K, committed 4736K, reserved 1048576K
GC Heap History (10 events):
Event: 250.560 GC heap before
{Heap before GC invocations=43 (full 1):
 PSYoungGen      total 51712K, used 51206K [0x00000007aab00000, 0x00000007ae900000, 0x00000007c0000000)
  eden space 44032K, 100% used [0x00000007aab00000,0x00000007ad600000,0x00000007ad600000)
  from space 7680K, 93% used [0x00000007ad700000,0x00000007ade01948,0x00000007ade80000)
  to   space 9728K, 0% used [0x00000007adf80000,0x00000007adf80000,0x00000007ae900000)
 ParOldGen       total 41984K, used 34317K [0x0000000780000000, 0x0000000782900000, 0x00000007aab00000)
  object space 41984K, 81% used [0x0000000780000000,0x0000000782183458,0x0000000782900000)
 Metaspace       used 33033K, capacity 34860K, committed 34944K, reserved 1079296K
  class space    used 4371K, capacity 4715K, committed 4736K, reserved 1048576K
Event: 250.567 GC heap after
Heap after GC invocations=43 (full 1):
 PSYoungGen      total 51712K, used 7042K [0x00000007aab00000, 0x00000007ae800000, 0x00000007c0000000)
  eden space 43008K, 0% used [0x00000007aab00000,0x00000007aab00000,0x00000007ad500000)
  from space 8704K, 80% used [0x00000007adf80000,0x00000007ae660b48,0x00000007ae800000)
  to   space 9728K, 0% used [0x00000007ad500000,0x00000007ad500000,0x00000007ade80000)
 ParOldGen       total 41984K, used 34549K [0x0000000780000000, 0x0000000782900000, 0x00000007aab00000)
  object space 41984K, 82% used [0x0000000780000000,0x00000007821bd458,0x0000000782900000)
 Metaspace       used 33033K, capacity 34860K, committed 34944K, reserved 1079296K
  class space    used 4371K, capacity 4715K, committed 4736K, reserved 1048576K
}
Event: 255.076 GC heap before
{Heap before GC invocations=44 (full 1):
 PSYoungGen      total 51712K, used 50050K [0x00000007aab00000, 0x00000007ae800000, 0x00000007c0000000)
  eden space 43008K, 100% used [0x00000007aab00000,0x00000007ad500000,0x00000007ad500000)
  from space 8704K, 80% used [0x00000007adf80000,0x00000007ae660b48,0x00000007ae800000)
  to   space 9728K, 0% used [0x00000007ad500000,0x00000007ad500000,0x00000007ade80000)
 ParOldGen       total 41984K, used 34549K [0x0000000780000000, 0x0000000782900000, 0x00000007aab00000)
  object space 41984K, 82% used [0x0000000780000000,0x00000007821bd458,0x0000000782900000)
 Metaspace       used 33107K, capacity 34924K, committed 35200K, reserved 1079296K
  class space    used 4375K, capacity 4715K, committed 4736K, reserved 1048576K
Event: 255.082 GC heap after
Heap after GC invocations=44 (full 1):
 PSYoungGen      total 49152K, used 7055K [0x00000007aab00000, 0x00000007ae700000, 0x00000007c0000000)
  eden space 41984K, 0% used [0x00000007aab00000,0x00000007aab00000,0x00000007ad400000)
  from space 7168K, 98% used [0x00000007ad500000,0x00000007adbe3eb0,0x00000007adc00000)
  to   space 9728K, 0% used [0x00000007add80000,0x00000007add80000,0x00000007ae700000)
 ParOldGen       total 41984K, used 34725K [0x0000000780000000, 0x0000000782900000, 0x00000007aab00000)
  object space 41984K, 82% used [0x0000000780000000,0x00000007821e9458,0x0000000782900000)
 Metaspace       used 33107K, capacity 34924K, committed 35200K, reserved 1079296K
  class space    used 4375K, capacity 4715K, committed 4736K, reserved 1048576K
}
Event: 259.389 GC heap before
{Heap before GC invocations=45 (full 1):
 PSYoungGen      total 49152K, used 49039K [0x00000007aab00000, 0x00000007ae700000, 0x00000007c0000000)
  eden space 41984K, 100% used [0x00000007aab00000,0x00000007ad400000,0x00000007ad400000)
  from space 7168K, 98% used [0x00000007ad500000,0x00000007adbe3eb0,0x00000007adc00000)
  to   space 9728K, 0% used [0x00000007add80000,0x00000007add80000,0x00000007ae700000)
 ParOldGen       total 41984K, used 34725K [0x0000000780000000, 0x0000000782900000, 0x00000007aab00000)
  object space 41984K, 82% used [0x0000000780000000,0x00000007821e9458,0x0000000782900000)
 Metaspace       used 33110K, capacity 34924K, committed 35200K, reserved 1079296K
  class space    used 4375K, capacity 4715K, committed 4736K, reserved 1048576K
Event: 259.395 GC heap after
Heap after GC invocations=45 (full 1):
 PSYoungGen      total 49664K, used 6805K [0x00000007aab00000, 0x00000007ae600000, 0x00000007c0000000)
  eden space 40960K, 0% used [0x00000007aab00000,0x00000007aab00000,0x00000007ad300000)
  from space 8704K, 78% used [0x00000007add80000,0x00000007ae4256f0,0x00000007ae600000)
  to   space 9728K, 0% used [0x00000007ad300000,0x00000007ad300000,0x00000007adc80000)
 ParOldGen       total 41984K, used 34922K [0x0000000780000000, 0x0000000782900000, 0x00000007aab00000)
  object space 41984K, 83% used [0x0000000780000000,0x000000078221a890,0x0000000782900000)
 Metaspace       used 33110K, capacity 34924K, committed 35200K, reserved 1079296K
  class space    used 4375K, capacity 4715K, committed 4736K, reserved 1048576K
}
Event: 263.868 GC heap before
{Heap before GC invocations=46 (full 1):
 PSYoungGen      total 49664K, used 47765K [0x00000007aab00000, 0x00000007ae600000, 0x00000007c0000000)
  eden space 40960K, 100% used [0x00000007aab00000,0x00000007ad300000,0x00000007ad300000)
  from space 8704K, 78% used [0x00000007add80000,0x00000007ae4256f0,0x00000007ae600000)
  to   space 9728K, 0% used [0x00000007ad300000,0x00000007ad300000,0x00000007adc80000)
 ParOldGen       total 41984K, used 34922K [0x0000000780000000, 0x0000000782900000, 0x00000007aab00000)
  object space 41984K, 83% used [0x0000000780000000,0x000000078221a890,0x0000000782900000)
 Metaspace       used 33117K, capacity 34924K, committed 35200K, reserved 1079296K
  class space    used 4375K, capacity 4715K, committed 4736K, reserved 1048576K
Event: 263.874 GC heap after
Heap after GC invocations=46 (full 1):
 PSYoungGen      total 46592K, used 6653K [0x00000007aab00000, 0x00000007ae500000, 0x00000007c0000000)
  eden space 39936K, 0% used [0x00000007aab00000,0x00000007aab00000,0x00000007ad200000)
  from space 6656K, 99% used [0x00000007ad300000,0x00000007ad97f4c8,0x00000007ad980000)
  to   space 9728K, 0% used [0x00000007adb80000,0x00000007adb80000,0x00000007ae500000)
 ParOldGen       total 41984K, used 35090K [0x0000000780000000, 0x0000000782900000, 0x00000007aab00000)
  object space 41984K, 83% used [0x0000000780000000,0x0000000782244890,0x0000000782900000)
 Metaspace       used 33117K, capacity 34924K, committed 35200K, reserved 1079296K
  class space    used 4375K, capacity 4715K, committed 4736K, reserved 1048576K
}
Event: 268.266 GC heap before
{Heap before GC invocations=47 (full 1):
 PSYoungGen      total 46592K, used 46589K [0x00000007aab00000, 0x00000007ae500000, 0x00000007c0000000)
  eden space 39936K, 100% used [0x00000007aab00000,0x00000007ad200000,0x00000007ad200000)
  from space 6656K, 99% used [0x00000007ad300000,0x00000007ad97f4c8,0x00000007ad980000)
  to   space 9728K, 0% used [0x00000007adb80000,0x00000007adb80000,0x00000007ae500000)
 ParOldGen       total 41984K, used 35090K [0x0000000780000000, 0x0000000782900000, 0x00000007aab00000)
  object space 41984K, 83% used [0x0000000780000000,0x0000000782244890,0x0000000782900000)
 Metaspace       used 33121K, capacity 34924K, committed 35200K, reserved 1079296K
  class space    used 4375K, capacity 4715K, committed 4736K, reserved 1048576K
Event: 268.273 GC heap after
Heap after GC invocations=47 (full 1):
 PSYoungGen      total 46592K, used 6458K [0x00000007aab00000, 0x00000007ae300000, 0x00000007c0000000)
  eden space 38912K, 0% used [0x00000007aab00000,0x00000007aab00000,0x00000007ad100000)
  from space 7680K, 84% used [0x00000007adb80000,0x00000007ae1ce8d0,0x00000007ae300000)
  to   space 9216K, 0% used [0x00000007ad100000,0x00000007ad100000,0x00000007ada00000)
 ParOldGen       total 41984K, used 35266K [0x0000000780000000, 0x0000000782900000, 0x00000007aab00000)
  object space 41984K, 83% used [0x0000000780000000,0x0000000782270890,0x0000000782900000)
 Metaspace       used 33121K, capacity 34924K, committed 35200K, reserved 1079296K
  class space    used 4375K, capacity 4715K, committed 4736K, reserved 1048576K
}

